<?xml version="1.0" encoding="UTF-8"?>
<!-- Generated by org.testng.reporters.JUnitReportReporter -->
<testsuite hostname="BRILAP3145" failures="0" tests="2" name="test.CrossBrowser" time="50.677" errors="0" timestamp="2021-07-11T18:50:06 IST" skipped="0">
  <testcase classname="test.CrossBrowser" name="demo1" time="23.810"/>
  <system-out/>
  <testcase classname="test.CrossBrowser" name="demo1" time="26.867"/>
  <system-out/>
</testsuite> <!-- test.CrossBrowser -->
