<?xml version="1.0" encoding="UTF-8"?>
<!-- Generated by org.testng.reporters.JUnitReportReporter -->
<testsuite hostname="BRILAP3145" failures="0" tests="2" name="testflipkart.FlipkartSearch" time="21.203" errors="0" timestamp="2021-07-14T12:13:03 IST" skipped="0">
  <testcase classname="testflipkart.FlipkartSearch" name="product" time="9.314"/>
  <system-out/>
  <testcase classname="testflipkart.FlipkartSearch" name="cart" time="11.889"/>
  <system-out/>
</testsuite> <!-- testflipkart.FlipkartSearch -->
