<?xml version="1.0" encoding="UTF-8"?>
<!-- Generated by org.testng.reporters.JUnitReportReporter -->
<testsuite hostname="BRILAP3145" failures="0" tests="2" name="com.testClass.data.FlipkartSearch" time="20.525" errors="0" timestamp="2021-07-14T12:16:21 IST" skipped="0">
  <testcase classname="com.testClass.data.FlipkartSearch" name="product" time="9.664"/>
  <system-out/>
  <testcase classname="com.testClass.data.FlipkartSearch" name="cart" time="10.861"/>
  <system-out/>
</testsuite> <!-- com.testClass.data.FlipkartSearch -->
