<?xml version="1.0" encoding="UTF-8"?>
<!-- Generated by org.testng.reporters.JUnitReportReporter -->
<testsuite hostname="BRILAP3145" failures="0" tests="3" name="day1.AnnotationsExample" time="0.016" errors="0" timestamp="2021-06-28T10:39:27 IST" skipped="0">
  <testcase classname="day1.AnnotationsExample" name="tc1" time="0.009"/>
  <system-out/>
  <testcase classname="day1.AnnotationsExample" name="tc3" time="0.006"/>
  <system-out/>
  <testcase classname="day1.AnnotationsExample" name="tc2" time="0.001"/>
  <system-out/>
</testsuite> <!-- day1.AnnotationsExample -->
