<?xml version="1.0" encoding="UTF-8"?>
<!-- Generated by org.testng.reporters.JUnitReportReporter -->
<testsuite hostname="BRILAP3139" failures="0" tests="4" name="tests.TestClass" time="11.964" errors="0" timestamp="2021-07-14T08:21:20 IST" skipped="0">
  <testcase classname="tests.TestClass" name="enter_UserDetails" time="2.850"/>
  <system-out/>
  <testcase classname="tests.TestClass" name="enter_UserDetails" time="2.827"/>
  <system-out/>
  <testcase classname="tests.TestClass" name="enter_UserDetails" time="3.209"/>
  <system-out/>
  <testcase classname="tests.TestClass" name="enter_UserDetails" time="3.078"/>
  <system-out/>
</testsuite> <!-- tests.TestClass -->
